#
# There is insufficient memory for the Java Runtime Environment to continue.
# Native memory allocation (malloc) failed to allocate 431536 bytes for Chunk::new
# Possible reasons:
#   The system is out of physical RAM or swap space
#   In 32 bit mode, the process size limit was hit
# Possible solutions:
#   Reduce memory load on the system
#   Increase physical memory or swap space
#   Check if swap backing store is full
#   Use 64 bit Java on a 64 bit OS
#   Decrease Java heap size (-Xmx/-Xms)
#   Decrease number of Java threads
#   Decrease Java thread stack sizes (-Xss)
#   Set larger code cache with -XX:ReservedCodeCacheSize=
# This output file may be truncated or incomplete.
#
#  Out of Memory Error (allocation.cpp:390), pid=784, tid=0x00000000000065c4
#
# JRE version: Java(TM) SE Runtime Environment (8.0_162-b12) (build 1.8.0_162-b12)
# Java VM: Java HotSpot(TM) 64-Bit Server VM (25.162-b12 mixed mode windows-amd64 compressed oops)
# Failed to write core dump. Minidumps are not enabled by default on client versions of Windows
#

---------------  T H R E A D  ---------------

Current thread (0x000000001e035800):  JavaThread "C2 CompilerThread1" daemon [_thread_in_native, id=26052, stack(0x000000001e8b0000,0x000000001e9b0000)]

Stack: [0x000000001e8b0000,0x000000001e9b0000]
[error occurred during error reporting (printing stack bounds), id 0xc0000005]

Native frames: (J=compiled Java code, j=interpreted, Vv=VM code, C=native code)


Current CompileTask:
C2:  12586 2499       4       javax.swing.plaf.nimbus.NimbusStyle::get (240 bytes)


---------------  P R O C E S S  ---------------

Java Threads: ( => current thread )
  0x000000001f626800 JavaThread "TimerQueue" daemon [_thread_in_Java, id=25300, stack(0x00000000223c0000,0x00000000224c0000)]
  0x000000001f4dc800 JavaThread "mysql-cj-abandoned-connection-cleanup" daemon [_thread_blocked, id=10772, stack(0x0000000020570000,0x0000000020670000)]
  0x000000000265e000 JavaThread "DestroyJavaVM" [_thread_blocked, id=25820, stack(0x0000000002340000,0x0000000002440000)]
  0x000000001f014000 JavaThread "AWT-EventQueue-0" [_thread_blocked, id=26248, stack(0x000000001ff70000,0x0000000020070000)]
  0x000000001ef6e000 JavaThread "AWT-Windows" daemon [_thread_in_native, id=25688, stack(0x000000001f8f0000,0x000000001f9f0000)]
  0x000000001ef6b800 JavaThread "AWT-Shutdown" [_thread_blocked, id=25016, stack(0x000000001f7f0000,0x000000001f8f0000)]
  0x000000001efc0000 JavaThread "Java2D Disposer" daemon [_thread_blocked, id=17148, stack(0x000000001f6f0000,0x000000001f7f0000)]
  0x000000001e043800 JavaThread "Service Thread" daemon [_thread_blocked, id=21996, stack(0x000000001ebb0000,0x000000001ecb0000)]
  0x000000001e03c800 JavaThread "C1 CompilerThread3" daemon [_thread_blocked, id=25696, stack(0x000000001eab0000,0x000000001ebb0000)]
  0x000000001e038000 JavaThread "C2 CompilerThread2" daemon [_thread_blocked, id=26456, stack(0x000000001e9b0000,0x000000001eab0000)]
=>0x000000001e035800 JavaThread "C2 CompilerThread1" daemon [_thread_in_native, id=26052, stack(0x000000001e8b0000,0x000000001e9b0000)]
  0x000000001dfdc800 JavaThread "C2 CompilerThread0" daemon [_thread_blocked, id=12976, stack(0x000000001e7b0000,0x000000001e8b0000)]
  0x000000001dfd7800 JavaThread "Attach Listener" daemon [_thread_blocked, id=6488, stack(0x000000001e6b0000,0x000000001e7b0000)]
  0x000000001c0fe800 JavaThread "Signal Dispatcher" daemon [_thread_blocked, id=22240, stack(0x000000001e5b0000,0x000000001e6b0000)]
  0x0000000002759800 JavaThread "Finalizer" daemon [_thread_blocked, id=19952, stack(0x000000001e3b0000,0x000000001e4b0000)]
  0x0000000002758000 JavaThread "Reference Handler" daemon [_thread_blocked, id=22164, stack(0x000000001deb0000,0x000000001dfb0000)]

Other Threads:
  0x000000001c0e9800 VMThread [stack: 0x000000001ddb0000,0x000000001deb0000] [id=13060]
  0x000000001e044000 WatcherThread [stack: 0x000000001ecb0000,0x000000001edb0000] [id=26832]

VM state:not at safepoint (normal execution)

VM Mutex/Monitor currently owned by a thread: None

Heap:
 PSYoungGen      total 452608K, used 34054K [0x000000076b900000, 0x0000000789680000, 0x00000007c0000000)
  eden space 417280K, 8% used [0x000000076b900000,0x000000076da19b10,0x0000000785080000)
  from space 35328K, 0% used [0x0000000787400000,0x0000000787428000,0x0000000789680000)
  to   space 35840K, 0% used [0x0000000785080000,0x0000000785080000,0x0000000787380000)
 ParOldGen       total 173568K, used 72070K [0x00000006c2a00000, 0x00000006cd380000, 0x000000076b900000)
  object space 173568K, 41% used [0x00000006c2a00000,0x00000006c7061ad0,0x00000006cd380000)
 Metaspace       used 18231K, capacity 18446K, committed 18688K, reserved 1064960K
  class space    used 2181K, capacity 2267K, committed 2304K, reserved 1048576K

Card table byte_map: [0x0000000011b20000,0x0000000012310000] byte_map_base: 0x000000000e50b000

Marking Bits: (ParMarkBitMap*) 0x0000000073b30860
 Begin Bits: [0x0000000013060000, 0x0000000016fb8000)
 End Bits:   [0x0000000016fb8000, 0x000000001af10000)

Polling page: 0x0000000000a50000

CodeCache: size=245760Kb used=9321Kb max_used=9321Kb free=236438Kb
 bounds [0x0000000002760000, 0x0000000003090000, 0x0000000011760000]
 total_blobs=3101 nmethods=2508 adapters=504
 compilation: enabled

Compilation events (10 events):
Event: 12.582 Thread 0x000000001e03c800 2512       3       sun.java2d.pipe.ValidatePipe::drawString (23 bytes)
Event: 12.582 Thread 0x000000001e03c800 nmethod 2512 0x000000000307cf90 code [0x000000000307d140, 0x000000000307d768]
Event: 12.582 Thread 0x000000001e03c800 2513       3       sun.java2d.pipe.GlyphListPipe::drawString (202 bytes)
Event: 12.583 Thread 0x000000001e03c800 nmethod 2513 0x0000000003080410 code [0x0000000003080660, 0x00000000030815d8]
Event: 12.583 Thread 0x000000001e03c800 2514       3       sun.font.GlyphList::setFromString (75 bytes)
Event: 12.584 Thread 0x000000001e03c800 nmethod 2514 0x000000000307c7d0 code [0x000000000307c960, 0x000000000307cdc8]
Event: 12.584 Thread 0x000000001e03c800 2515       3       sun.font.GlyphList::mapChars (47 bytes)
Event: 12.584 Thread 0x000000001e03c800 nmethod 2515 0x000000000307c090 code [0x000000000307c220, 0x000000000307c668]
Event: 12.584 Thread 0x000000001e03c800 2517       1       javax.swing.JTable::getUIClassID (4 bytes)
Event: 12.584 Thread 0x000000001e03c800 nmethod 2517 0x000000000306f850 code [0x000000000306f9a0, 0x000000000306fab0]

GC Heap History (10 events):
Event: 7.018 GC heap before
{Heap before GC invocations=6 (full 0):
 PSYoungGen      total 140800K, used 137028K [0x000000076b900000, 0x000000077ff00000, 0x00000007c0000000)
  eden space 130048K, 100% used [0x000000076b900000,0x0000000773800000,0x0000000773800000)
  from space 10752K, 64% used [0x0000000773800000,0x0000000773ed1330,0x0000000774280000)
  to   space 36864K, 0% used [0x000000077db00000,0x000000077db00000,0x000000077ff00000)
 ParOldGen       total 173568K, used 52565K [0x00000006c2a00000, 0x00000006cd380000, 0x000000076b900000)
  object space 173568K, 30% used [0x00000006c2a00000,0x00000006c5d55740,0x00000006cd380000)
 Metaspace       used 17843K, capacity 18044K, committed 18176K, reserved 1064960K
  class space    used 2178K, capacity 2264K, committed 2304K, reserved 1048576K
Event: 7.027 GC heap after
Heap after GC invocations=6 (full 0):
 PSYoungGen      total 292864K, used 19210K [0x000000076b900000, 0x000000077fb00000, 0x00000007c0000000)
  eden space 260096K, 0% used [0x000000076b900000,0x000000076b900000,0x000000077b700000)
  from space 32768K, 58% used [0x000000077db00000,0x000000077edc2b60,0x000000077fb00000)
  to   space 34816K, 0% used [0x000000077b700000,0x000000077b700000,0x000000077d900000)
 ParOldGen       total 173568K, used 52573K [0x00000006c2a00000, 0x00000006cd380000, 0x000000076b900000)
  object space 173568K, 30% used [0x00000006c2a00000,0x00000006c5d57740,0x00000006cd380000)
 Metaspace       used 17843K, capacity 18044K, committed 18176K, reserved 1064960K
  class space    used 2178K, capacity 2264K, committed 2304K, reserved 1048576K
}
Event: 8.364 GC heap before
{Heap before GC invocations=7 (full 0):
 PSYoungGen      total 292864K, used 279306K [0x000000076b900000, 0x000000077fb00000, 0x00000007c0000000)
  eden space 260096K, 100% used [0x000000076b900000,0x000000077b700000,0x000000077b700000)
  from space 32768K, 58% used [0x000000077db00000,0x000000077edc2b60,0x000000077fb00000)
  to   space 34816K, 0% used [0x000000077b700000,0x000000077b700000,0x000000077d900000)
 ParOldGen       total 173568K, used 52573K [0x00000006c2a00000, 0x00000006cd380000, 0x000000076b900000)
  object space 173568K, 30% used [0x00000006c2a00000,0x00000006c5d57740,0x00000006cd380000)
 Metaspace       used 18014K, capacity 18190K, committed 18432K, reserved 1064960K
  class space    used 2180K, capacity 2267K, committed 2304K, reserved 1048576K
Event: 8.389 GC heap after
Heap after GC invocations=7 (full 0):
 PSYoungGen      total 294912K, used 753K [0x000000076b900000, 0x000000077fb00000, 0x00000007c0000000)
  eden space 260096K, 0% used [0x000000076b900000,0x000000076b900000,0x000000077b700000)
  from space 34816K, 2% used [0x000000077b700000,0x000000077b7bc7e0,0x000000077d900000)
  to   space 32768K, 0% used [0x000000077db00000,0x000000077db00000,0x000000077fb00000)
 ParOldGen       total 173568K, used 71477K [0x00000006c2a00000, 0x00000006cd380000, 0x000000076b900000)
  object space 173568K, 41% used [0x00000006c2a00000,0x00000006c6fcd790,0x00000006cd380000)
 Metaspace       used 18014K, capacity 18190K, committed 18432K, reserved 1064960K
  class space    used 2180K, capacity 2267K, committed 2304K, reserved 1048576K
}
Event: 9.606 GC heap before
{Heap before GC invocations=8 (full 0):
 PSYoungGen      total 294912K, used 260849K [0x000000076b900000, 0x000000077fb00000, 0x00000007c0000000)
  eden space 260096K, 100% used [0x000000076b900000,0x000000077b700000,0x000000077b700000)
  from space 34816K, 2% used [0x000000077b700000,0x000000077b7bc7e0,0x000000077d900000)
  to   space 32768K, 0% used [0x000000077db00000,0x000000077db00000,0x000000077fb00000)
 ParOldGen       total 173568K, used 71477K [0x00000006c2a00000, 0x00000006cd380000, 0x000000076b900000)
  object space 173568K, 41% used [0x00000006c2a00000,0x00000006c6fcd790,0x00000006cd380000)
 Metaspace       used 18052K, capacity 18254K, committed 18432K, reserved 1064960K
  class space    used 2181K, capacity 2267K, committed 2304K, reserved 1048576K
Event: 9.632 GC heap after
Heap after GC invocations=8 (full 0):
 PSYoungGen      total 293376K, used 657K [0x000000076b900000, 0x000000078fc00000, 0x00000007c0000000)
  eden space 260608K, 0% used [0x000000076b900000,0x000000076b900000,0x000000077b780000)
  from space 32768K, 2% used [0x000000077db00000,0x000000077dba47a0,0x000000077fb00000)
  to   space 36352K, 0% used [0x000000077b780000,0x000000077b780000,0x000000077db00000)
 ParOldGen       total 173568K, used 71533K [0x00000006c2a00000, 0x00000006cd380000, 0x000000076b900000)
  object space 173568K, 41% used [0x00000006c2a00000,0x00000006c6fdb790,0x00000006cd380000)
 Metaspace       used 18052K, capacity 18254K, committed 18432K, reserved 1064960K
  class space    used 2181K, capacity 2267K, committed 2304K, reserved 1048576K
}
Event: 10.977 GC heap before
{Heap before GC invocations=9 (full 0):
 PSYoungGen      total 293376K, used 261265K [0x000000076b900000, 0x000000078fc00000, 0x00000007c0000000)
  eden space 260608K, 100% used [0x000000076b900000,0x000000077b780000,0x000000077b780000)
  from space 32768K, 2% used [0x000000077db00000,0x000000077dba47a0,0x000000077fb00000)
  to   space 36352K, 0% used [0x000000077b780000,0x000000077b780000,0x000000077db00000)
 ParOldGen       total 173568K, used 71533K [0x00000006c2a00000, 0x00000006cd380000, 0x000000076b900000)
  object space 173568K, 41% used [0x00000006c2a00000,0x00000006c6fdb790,0x00000006cd380000)
 Metaspace       used 18140K, capacity 18318K, committed 18432K, reserved 1064960K
  class space    used 2181K, capacity 2267K, committed 2304K, reserved 1048576K
Event: 10.979 GC heap after
Heap after GC invocations=9 (full 0):
 PSYoungGen      total 296960K, used 401K [0x000000076b900000, 0x0000000789780000, 0x00000007c0000000)
  eden space 260608K, 0% used [0x000000076b900000,0x000000076b900000,0x000000077b780000)
  from space 36352K, 1% used [0x000000077b780000,0x000000077b7e4780,0x000000077db00000)
  to   space 36352K, 0% used [0x0000000787400000,0x0000000787400000,0x0000000789780000)
 ParOldGen       total 173568K, used 71747K [0x00000006c2a00000, 0x00000006cd380000, 0x000000076b900000)
  object space 173568K, 41% used [0x00000006c2a00000,0x00000006c7010d60,0x00000006cd380000)
 Metaspace       used 18140K, capacity 18318K, committed 18432K, reserved 1064960K
  class space    used 2181K, capacity 2267K, committed 2304K, reserved 1048576K
}
Event: 12.415 GC heap before
{Heap before GC invocations=10 (full 0):
 PSYoungGen      total 296960K, used 261009K [0x000000076b900000, 0x0000000789780000, 0x00000007c0000000)
  eden space 260608K, 100% used [0x000000076b900000,0x000000077b780000,0x000000077b780000)
  from space 36352K, 1% used [0x000000077b780000,0x000000077b7e4780,0x000000077db00000)
  to   space 36352K, 0% used [0x0000000787400000,0x0000000787400000,0x0000000789780000)
 ParOldGen       total 173568K, used 71747K [0x00000006c2a00000, 0x00000006cd380000, 0x000000076b900000)
  object space 173568K, 41% used [0x00000006c2a00000,0x00000006c7010d60,0x00000006cd380000)
 Metaspace       used 18198K, capacity 18382K, committed 18688K, reserved 1064960K
  class space    used 2181K, capacity 2267K, committed 2304K, reserved 1048576K
Event: 12.450 GC heap after
Heap after GC invocations=10 (full 0):
 PSYoungGen      total 452608K, used 160K [0x000000076b900000, 0x0000000789680000, 0x00000007c0000000)
  eden space 417280K, 0% used [0x000000076b900000,0x000000076b900000,0x0000000785080000)
  from space 35328K, 0% used [0x0000000787400000,0x0000000787428000,0x0000000789680000)
  to   space 35840K, 0% used [0x0000000785080000,0x0000000785080000,0x0000000787380000)
 ParOldGen       total 173568K, used 72070K [0x00000006c2a00000, 0x00000006cd380000, 0x000000076b900000)
  object space 173568K, 41% used [0x00000006c2a00000,0x00000006c7061ad0,0x00000006cd380000)
 Metaspace       used 18198K, capacity 18382K, committed 18688K, reserved 1064960K
  class space    used 2181K, capacity 2267K, committed 2304K, reserved 1048576K
}

Deoptimization events (10 events):
Event: 9.240 Thread 0x000000001f014000 Uncommon trap: reason=class_check action=maybe_recompile pc=0x0000000002ea6cac method=java.awt.EventQueue.coalesceEvent(Ljava/awt/AWTEvent;I)Z @ 77
Event: 9.240 Thread 0x000000001f014000 Uncommon trap: reason=class_check action=maybe_recompile pc=0x0000000002e4093c method=java.awt.EventQueue.setCurrentEventAndMostRecentTimeImpl(Ljava/awt/AWTEvent;)V @ 53
Event: 9.240 Thread 0x000000001f014000 Uncommon trap: reason=class_check action=maybe_recompile pc=0x0000000002e4093c method=java.awt.EventQueue.setCurrentEventAndMostRecentTimeImpl(Ljava/awt/AWTEvent;)V @ 53
Event: 9.251 Thread 0x000000001f014000 Uncommon trap: reason=class_check action=maybe_recompile pc=0x0000000002ea6cac method=java.awt.EventQueue.coalesceEvent(Ljava/awt/AWTEvent;I)Z @ 77
Event: 9.270 Thread 0x000000001f626800 Uncommon trap: reason=class_check action=maybe_recompile pc=0x0000000002ea6cac method=java.awt.EventQueue.coalesceEvent(Ljava/awt/AWTEvent;I)Z @ 77
Event: 9.632 Thread 0x000000001f626800 Uncommon trap: reason=unstable_if action=reinterpret pc=0x0000000002e37304 method=javax.swing.TimerQueue.run()V @ 64
Event: 9.632 Thread 0x000000001f014000 Uncommon trap: reason=class_check action=maybe_recompile pc=0x0000000002de0938 method=javax.swing.Timer.fireActionPerformed(Ljava/awt/event/ActionEvent;)V @ 30
Event: 9.632 Thread 0x000000001f626800 Uncommon trap: reason=unstable_if action=reinterpret pc=0x0000000002bae7d0 method=java.util.concurrent.locks.AbstractQueuedSynchronizer.enq(Ljava/util/concurrent/locks/AbstractQueuedSynchronizer$Node;)Ljava/util/concurrent/locks/AbstractQueuedSynchronizer
Event: 12.451 Thread 0x000000001f014000 Uncommon trap: reason=class_check action=maybe_recompile pc=0x0000000002e46f80 method=java.awt.EventQueue.dispatchEventImpl(Ljava/awt/AWTEvent;Ljava/lang/Object;)V @ 18
Event: 12.453 Thread 0x000000001f014000 Uncommon trap: reason=class_check action=maybe_recompile pc=0x0000000002e46f80 method=java.awt.EventQueue.dispatchEventImpl(Ljava/awt/AWTEvent;Ljava/lang/Object;)V @ 18

Classes redefined (0 events):
No events

Internal exceptions (10 events):
Event: 1.041 Thread 0x000000000265e000 Exception <a 'java/lang/ClassNotFoundException': ToggleButton> (0x000000076be6a780) thrown at [C:\re\workspace\8-2-build-windows-amd64-cygwin\jdk8u162\10278\hotspot\src\share\vm\classfile\systemDictionary.cpp, line 210]
Event: 1.041 Thread 0x000000000265e000 Exception <a 'java/lang/ClassNotFoundException': javax/swing/JToolBarSeparator> (0x000000076be6abe0) thrown at [C:\re\workspace\8-2-build-windows-amd64-cygwin\jdk8u162\10278\hotspot\src\share\vm\classfile\systemDictionary.cpp, line 210]
Event: 1.041 Thread 0x000000000265e000 Exception <a 'java/lang/ClassNotFoundException': ToolBarSeparator> (0x000000076be6b078) thrown at [C:\re\workspace\8-2-build-windows-amd64-cygwin\jdk8u162\10278\hotspot\src\share\vm\classfile\systemDictionary.cpp, line 210]
Event: 1.041 Thread 0x000000000265e000 Exception <a 'java/lang/ClassNotFoundException': ToolTip> (0x000000076be6b7b8) thrown at [C:\re\workspace\8-2-build-windows-amd64-cygwin\jdk8u162\10278\hotspot\src\share\vm\classfile\systemDictionary.cpp, line 210]
Event: 1.043 Thread 0x000000000265e000 Exception <a 'java/lang/ClassNotFoundException': Tree> (0x000000076be6c3d8) thrown at [C:\re\workspace\8-2-build-windows-amd64-cygwin\jdk8u162\10278\hotspot\src\share\vm\classfile\systemDictionary.cpp, line 210]
Event: 1.043 Thread 0x000000000265e000 Exception <a 'java/lang/ClassNotFoundException': Tree> (0x000000076be6cb18) thrown at [C:\re\workspace\8-2-build-windows-amd64-cygwin\jdk8u162\10278\hotspot\src\share\vm\classfile\systemDictionary.cpp, line 210]
Event: 1.043 Thread 0x000000000265e000 Exception <a 'java/lang/ClassNotFoundException': javax/swing/JTreeCell> (0x000000076be6ce98) thrown at [C:\re\workspace\8-2-build-windows-amd64-cygwin\jdk8u162\10278\hotspot\src\share\vm\classfile\systemDictionary.cpp, line 210]
Event: 1.043 Thread 0x000000000265e000 Exception <a 'java/lang/ClassNotFoundException': TreeCell> (0x000000076be6d320) thrown at [C:\re\workspace\8-2-build-windows-amd64-cygwin\jdk8u162\10278\hotspot\src\share\vm\classfile\systemDictionary.cpp, line 210]
Event: 1.044 Thread 0x000000000265e000 Exception <a 'java/lang/ClassNotFoundException': RootPane> (0x000000076be6dd80) thrown at [C:\re\workspace\8-2-build-windows-amd64-cygwin\jdk8u162\10278\hotspot\src\share\vm\classfile\systemDictionary.cpp, line 210]
Event: 6.076 Thread 0x000000001f014000 Implicit null exception at 0x0000000002dbf555 to 0x0000000002dbf8de

Events (10 events):
Event: 10.976 Executing VM operation: ParallelGCFailedAllocation
Event: 10.979 Executing VM operation: ParallelGCFailedAllocation done
Event: 12.415 Executing VM operation: ParallelGCFailedAllocation
Event: 12.450 Executing VM operation: ParallelGCFailedAllocation done
Event: 12.451 Thread 0x000000001f014000 Uncommon trap: trap_request=0xffffffde fr.pc=0x0000000002e46f80
Event: 12.451 Thread 0x000000001f014000 DEOPT PACKING pc=0x0000000002e46f80 sp=0x000000002006d7d0
Event: 12.451 Thread 0x000000001f014000 DEOPT UNPACKING pc=0x00000000027a583b sp=0x000000002006d7e0 mode 2
Event: 12.453 Thread 0x000000001f014000 Uncommon trap: trap_request=0xffffffde fr.pc=0x0000000002e46f80
Event: 12.453 Thread 0x000000001f014000 DEOPT PACKING pc=0x0000000002e46f80 sp=0x000000002006e4f0
Event: 12.453 Thread 0x000000001f014000 DEOPT UNPACKING pc=0x00000000027a583b sp=0x000000002006e500 mode 2


Dynamic libraries:
0x00007ff7ad740000 - 0x00007ff7ad777000 	C:\Program Files\Java\jdk1.8.0_162\bin\java.exe
0x00007ff8773b0000 - 0x00007ff8775a8000 	C:\WINDOWS\SYSTEM32\ntdll.dll
0x00007ff876830000 - 0x00007ff8768ef000 	C:\WINDOWS\System32\KERNEL32.DLL
0x00007ff874e50000 - 0x00007ff875146000 	C:\WINDOWS\System32\KERNELBASE.dll
0x00007ff8722c0000 - 0x00007ff872351000 	C:\WINDOWS\SYSTEM32\apphelp.dll
0x00007ff85b5b0000 - 0x00007ff85ba46000 	C:\WINDOWS\SYSTEM32\AcLayers.DLL
0x00007ff876360000 - 0x00007ff8763fe000 	C:\WINDOWS\System32\msvcrt.dll
0x00007ff876030000 - 0x00007ff8761cd000 	C:\WINDOWS\System32\USER32.dll
0x00007ff875290000 - 0x00007ff8752b2000 	C:\WINDOWS\System32\win32u.dll
0x00007ff876cd0000 - 0x00007ff876cfc000 	C:\WINDOWS\System32\GDI32.dll
0x00007ff874a90000 - 0x00007ff874ba5000 	C:\WINDOWS\System32\gdi32full.dll
0x00007ff8751f0000 - 0x00007ff87528d000 	C:\WINDOWS\System32\msvcp_win.dll
0x00007ff875310000 - 0x00007ff875410000 	C:\WINDOWS\System32\ucrtbase.dll
0x00007ff875470000 - 0x00007ff875bb4000 	C:\WINDOWS\System32\SHELL32.dll
0x00007ff8761d0000 - 0x00007ff876225000 	C:\WINDOWS\System32\SHLWAPI.dll
0x00007ff877140000 - 0x00007ff8771ef000 	C:\WINDOWS\System32\ADVAPI32.dll
0x00007ff876a20000 - 0x00007ff876abc000 	C:\WINDOWS\System32\sechost.dll
0x00007ff8768f0000 - 0x00007ff876a16000 	C:\WINDOWS\System32\RPCRT4.dll
0x0000000000850000 - 0x0000000000853000 	C:\WINDOWS\SYSTEM32\sfc.dll
0x00007ff85dff0000 - 0x00007ff85e08d000 	C:\WINDOWS\SYSTEM32\WINSPOOL.DRV
0x00007ff876d00000 - 0x00007ff877054000 	C:\WINDOWS\System32\combase.dll
0x00007ff8765d0000 - 0x00007ff87667d000 	C:\WINDOWS\System32\shcore.dll
0x00007ff8509d0000 - 0x00007ff8509e2000 	C:\WINDOWS\SYSTEM32\sfc_os.DLL
0x00007ff851510000 - 0x00007ff851573000 	C:\WINDOWS\SYSTEM32\AcGenral.DLL
0x00007ff876230000 - 0x00007ff87635a000 	C:\WINDOWS\System32\ole32.dll
0x00007ff874940000 - 0x00007ff87496e000 	C:\WINDOWS\SYSTEM32\USERENV.dll
0x00007ff85c080000 - 0x00007ff85c09d000 	C:\WINDOWS\SYSTEM32\MPR.dll
0x00007ff874970000 - 0x00007ff8749a2000 	C:\WINDOWS\SYSTEM32\SspiCli.dll
0x00007ff875420000 - 0x00007ff875450000 	C:\WINDOWS\System32\IMM32.DLL
0x00007ff85da40000 - 0x00007ff85dcda000 	C:\WINDOWS\WinSxS\amd64_microsoft.windows.common-controls_6595b64144ccf1df_6.0.19041.1110_none_60b5254171f9507e\COMCTL32.dll
0x0000000073cc0000 - 0x0000000073d91000 	C:\Program Files\Java\jdk1.8.0_162\jre\bin\msvcr100.dll
0x0000000073310000 - 0x0000000073bb0000 	C:\Program Files\Java\jdk1.8.0_162\jre\bin\server\jvm.dll
0x00007ff875410000 - 0x00007ff875418000 	C:\WINDOWS\System32\PSAPI.DLL
0x00007ff86dad0000 - 0x00007ff86dad9000 	C:\WINDOWS\SYSTEM32\WSOCK32.dll
0x00007ff876b90000 - 0x00007ff876bfb000 	C:\WINDOWS\System32\WS2_32.dll
0x00007ff85e2b0000 - 0x00007ff85e2d7000 	C:\WINDOWS\SYSTEM32\WINMM.dll
0x00007ff8642f0000 - 0x00007ff8642fa000 	C:\WINDOWS\SYSTEM32\VERSION.dll
0x0000000073c70000 - 0x0000000073c7f000 	C:\Program Files\Java\jdk1.8.0_162\jre\bin\verify.dll
0x0000000073c40000 - 0x0000000073c69000 	C:\Program Files\Java\jdk1.8.0_162\jre\bin\java.dll
0x0000000073c20000 - 0x0000000073c36000 	C:\Program Files\Java\jdk1.8.0_162\jre\bin\zip.dll
0x00007ff872b40000 - 0x00007ff8732d4000 	C:\WINDOWS\SYSTEM32\windows.storage.dll
0x00007ff874400000 - 0x00007ff87442e000 	C:\WINDOWS\SYSTEM32\Wldp.dll
0x00007ff8749c0000 - 0x00007ff8749e5000 	C:\WINDOWS\SYSTEM32\profapi.dll
0x0000000073170000 - 0x0000000073308000 	C:\Program Files\Java\jdk1.8.0_162\jre\bin\awt.dll
0x00007ff876ac0000 - 0x00007ff876b8d000 	C:\WINDOWS\System32\OLEAUT32.dll
0x00007ff872470000 - 0x00007ff87250e000 	C:\WINDOWS\system32\uxtheme.dll
0x00007ff877250000 - 0x00007ff877364000 	C:\WINDOWS\System32\MSCTF.dll
0x00007ff872940000 - 0x00007ff872952000 	C:\WINDOWS\SYSTEM32\kernel.appcore.dll
0x00007ff874bb0000 - 0x00007ff874c32000 	C:\WINDOWS\System32\bcryptPrimitives.dll
0x00007ff872760000 - 0x00007ff87278f000 	C:\WINDOWS\system32\DWMAPI.DLL
0x0000000073120000 - 0x0000000073167000 	C:\Program Files\Java\jdk1.8.0_162\jre\bin\fontmanager.dll
0x00007ff84e810000 - 0x00007ff84e935000 	C:\WINDOWS\system32\opengl32.dll
0x00007ff851690000 - 0x00007ff8516bc000 	C:\WINDOWS\SYSTEM32\GLU32.dll
0x0000000073c00000 - 0x0000000073c1a000 	C:\Program Files\Java\jdk1.8.0_162\jre\bin\net.dll
0x00007ff874160000 - 0x00007ff8741ca000 	C:\WINDOWS\system32\mswsock.dll
0x0000000073be0000 - 0x0000000073bf1000 	C:\Program Files\Java\jdk1.8.0_162\jre\bin\nio.dll
0x00000000730d0000 - 0x0000000073112000 	C:\Program Files\Java\jdk1.8.0_162\jre\bin\t2k.dll
0x00007ff873e90000 - 0x00007ff873f5a000 	C:\WINDOWS\SYSTEM32\DNSAPI.dll
0x00007ff873e50000 - 0x00007ff873e8c000 	C:\WINDOWS\SYSTEM32\IPHLPAPI.DLL
0x00007ff875450000 - 0x00007ff875458000 	C:\WINDOWS\System32\NSI.dll
0x00007ff8658a0000 - 0x00007ff8658aa000 	C:\Windows\System32\rasadhlp.dll
0x00007ff865930000 - 0x00007ff8659b2000 	C:\WINDOWS\System32\fwpuclnt.dll
0x00007ff875150000 - 0x00007ff875177000 	C:\WINDOWS\System32\bcrypt.dll
0x00007ff876c00000 - 0x00007ff876ca9000 	C:\WINDOWS\System32\clbcatq.dll
0x00007ff86a4a0000 - 0x00007ff86a654000 	C:\WINDOWS\SYSTEM32\WindowsCodecs.dll
0x00007ff84ecd0000 - 0x00007ff84ed0e000 	C:\WINDOWS\system32\dataexchange.dll
0x00007ff871170000 - 0x00007ff8713d3000 	C:\WINDOWS\system32\d3d11.dll
0x00007ff871530000 - 0x00007ff871713000 	C:\WINDOWS\system32\dcomp.dll
0x00007ff873340000 - 0x00007ff873433000 	C:\WINDOWS\system32\dxgi.dll
0x00007ff86cc90000 - 0x00007ff86ce97000 	C:\WINDOWS\system32\twinapi.appcore.dll
0x00007ff8634b0000 - 0x00007ff8635a9000 	C:\WINDOWS\SYSTEM32\textinputframework.dll
0x00007ff8720a0000 - 0x00007ff872192000 	C:\WINDOWS\System32\CoreMessaging.dll
0x00007ff871d40000 - 0x00007ff87209e000 	C:\WINDOWS\System32\CoreUIComponents.dll
0x00007ff873bc0000 - 0x00007ff873bf3000 	C:\WINDOWS\SYSTEM32\ntmarta.dll
0x00007ff871bb0000 - 0x00007ff871d04000 	C:\WINDOWS\SYSTEM32\wintypes.dll
0x00007ff85e090000 - 0x00007ff85e0f6000 	C:\WINDOWS\system32\Oleacc.dll
0x00000000730a0000 - 0x00000000730ca000 	C:\Program Files\Java\jdk1.8.0_162\jre\bin\dcpr.dll

VM Arguments:
jvm_args: -Dfile.encoding=UTF-8 
java_command: ScreenSalles
java_class_path (initial): C:\Program Files\NetBeans 8.2\java\modules\ext\AbsoluteLayout.jar;E:\Desktop Application\mysql Tools\jcalendar-1.4.jar;E:\Desktop Application\mysql Tools\mysql-connector-java-5.1.48.jar;E:\Desktop Application\mysql Tools\rs2xml.jar;E:\NetBeansProjects\ResturantManagementSystem\build\classes
Launcher Type: SUN_STANDARD

Environment Variables:
PATH=C:\Program Files (x86)\Common Files\Oracle\Java\javapath;C:\ProgramData\Oracle\Java\javapath;C:\WINDOWS\system32;C:\WINDOWS;C:\WINDOWS\System32\Wbem;C:\WINDOWS\System32\WindowsPowerShell\v1.0\;C:\WINDOWS\System32\OpenSSH\;D:\Matlab\runtime\win64;D:\Matlab\bin;D:\Matlab\polyspace\bin;C:\Users\Mohamed_Abdeldaym\AppData\Local\Microsoft\WindowsApps;
USERNAME=Mohamed_Abdeldaym
OS=Windows_NT
PROCESSOR_IDENTIFIER=Intel64 Family 6 Model 94 Stepping 3, GenuineIntel



---------------  S Y S T E M  ---------------

OS: Windows 10.0 , 64 bit Build 19041 (10.0.19041.3155)

CPU:total 8 (initial active 8) (4 cores per cpu, 2 threads per core) family 6 model 94 stepping 3, cmov, cx8, fxsr, mmx, sse, sse2, sse3, ssse3, sse4.1, sse4.2, popcnt, avx, avx2, aes, clmul, erms, rtm, 3dnowpref, lzcnt, ht, tsc, tscinvbit, bmi1, bmi2, adx

Memory: 4k page, physical 16600960k(5057228k free), swap 28305624k(5420k free)

vm_info: Java HotSpot(TM) 64-Bit Server VM (25.162-b12) for windows-amd64 JRE (1.8.0_162-b12), built on Dec 19 2017 20:00:03 by "java_re" with MS VC++ 10.0 (VS2010)

time: Fri Jul 21 14:11:39 2023
elapsed time: 12 seconds (0d 0h 0m 12s)

